[2026-04-26 19:46:49Z INFO HostContext] No proxy settings were found based on environmental variables (http_proxy/https_proxy/HTTP_PROXY/HTTPS_PROXY)
[2026-04-26 19:46:49Z INFO HostContext] Well known directory 'Bin': '/home/skyie/release-pilot/bin'
[2026-04-26 19:46:49Z INFO HostContext] Well known directory 'Root': '/home/skyie/release-pilot'
[2026-04-26 19:46:49Z INFO HostContext] Well known config file 'Credentials': '/home/skyie/release-pilot/.credentials'
[2026-04-26 19:46:49Z INFO HostContext] Well known directory 'Bin': '/home/skyie/release-pilot/bin'
[2026-04-26 19:46:49Z INFO HostContext] Well known directory 'Root': '/home/skyie/release-pilot'
[2026-04-26 19:46:49Z INFO HostContext] Well known config file 'Runner': '/home/skyie/release-pilot/.runner'
[2026-04-26 19:46:49Z INFO Listener] Runner is built for Linux (X64) - linux-x64.
[2026-04-26 19:46:49Z INFO Listener] RuntimeInformation: Ubuntu 24.04.4 LTS.
[2026-04-26 19:46:49Z INFO Listener] Version: 2.334.0
[2026-04-26 19:46:49Z INFO Listener] Commit: f1995ede5d885c997d13d8eca5467c4ce97fe69c
[2026-04-26 19:46:49Z INFO Listener] Culture: en-US
[2026-04-26 19:46:49Z INFO Listener] UI Culture: en-US
[2026-04-26 19:46:49Z INFO HostContext] Well known directory 'Bin': '/home/skyie/release-pilot/bin'
[2026-04-26 19:46:49Z INFO HostContext] Well known directory 'Root': '/home/skyie/release-pilot'
[2026-04-26 19:46:49Z INFO Listener] Validating directory permissions for: '/home/skyie/release-pilot'
[2026-04-26 19:46:49Z INFO CommandLineParser] Parse
[2026-04-26 19:46:49Z INFO CommandLineParser] Parsing 5 args
[2026-04-26 19:46:49Z INFO CommandLineParser] parsing argument
[2026-04-26 19:46:49Z INFO CommandLineParser] HasArgs: False
[2026-04-26 19:46:49Z INFO CommandLineParser] Adding Command: configure
[2026-04-26 19:46:49Z INFO CommandLineParser] parsing argument
[2026-04-26 19:46:49Z INFO CommandLineParser] HasArgs: True
[2026-04-26 19:46:49Z INFO CommandLineParser] arg: url
[2026-04-26 19:46:49Z INFO CommandLineParser] parsing argument
[2026-04-26 19:46:49Z INFO CommandLineParser] HasArgs: True
[2026-04-26 19:46:49Z INFO CommandLineParser] Adding option 'url': 'https://github.com/arittroc/release-pilot'
[2026-04-26 19:46:49Z INFO CommandLineParser] parsing argument
[2026-04-26 19:46:49Z INFO CommandLineParser] HasArgs: True
[2026-04-26 19:46:49Z INFO CommandLineParser] arg: token
[2026-04-26 19:46:49Z INFO CommandLineParser] parsing argument
[2026-04-26 19:46:49Z INFO CommandLineParser] HasArgs: True
[2026-04-26 19:46:49Z INFO CommandLineParser] Adding option 'token': '***'
[2026-04-26 19:46:49Z INFO Listener] Arguments parsed
[2026-04-26 19:46:49Z INFO Runner] ExecuteCommand
[2026-04-26 19:46:49Z INFO ConfigurationStore] currentAssemblyLocation: /home/skyie/release-pilot/bin/Runner.Listener.dll
[2026-04-26 19:46:49Z INFO HostContext] Well known directory 'Bin': '/home/skyie/release-pilot/bin'
[2026-04-26 19:46:49Z INFO ConfigurationStore] binPath: /home/skyie/release-pilot/bin
[2026-04-26 19:46:49Z INFO HostContext] Well known directory 'Bin': '/home/skyie/release-pilot/bin'
[2026-04-26 19:46:49Z INFO HostContext] Well known directory 'Root': '/home/skyie/release-pilot'
[2026-04-26 19:46:49Z INFO ConfigurationStore] RootFolder: /home/skyie/release-pilot
[2026-04-26 19:46:49Z INFO HostContext] Well known directory 'Bin': '/home/skyie/release-pilot/bin'
[2026-04-26 19:46:49Z INFO HostContext] Well known directory 'Root': '/home/skyie/release-pilot'
[2026-04-26 19:46:49Z INFO HostContext] Well known config file 'Runner': '/home/skyie/release-pilot/.runner'
[2026-04-26 19:46:49Z INFO ConfigurationStore] ConfigFilePath: /home/skyie/release-pilot/.runner
[2026-04-26 19:46:49Z INFO HostContext] Well known directory 'Bin': '/home/skyie/release-pilot/bin'
[2026-04-26 19:46:49Z INFO HostContext] Well known directory 'Root': '/home/skyie/release-pilot'
[2026-04-26 19:46:49Z INFO HostContext] Well known config file 'MigratedRunner': '/home/skyie/release-pilot/.runner_migrated'
[2026-04-26 19:46:49Z INFO ConfigurationStore] MigratedConfigFilePath: /home/skyie/release-pilot/.runner_migrated
[2026-04-26 19:46:49Z INFO HostContext] Well known directory 'Bin': '/home/skyie/release-pilot/bin'
[2026-04-26 19:46:49Z INFO HostContext] Well known directory 'Root': '/home/skyie/release-pilot'
[2026-04-26 19:46:49Z INFO HostContext] Well known config file 'Credentials': '/home/skyie/release-pilot/.credentials'
[2026-04-26 19:46:49Z INFO ConfigurationStore] CredFilePath: /home/skyie/release-pilot/.credentials
[2026-04-26 19:46:49Z INFO HostContext] Well known directory 'Bin': '/home/skyie/release-pilot/bin'
[2026-04-26 19:46:49Z INFO HostContext] Well known directory 'Root': '/home/skyie/release-pilot'
[2026-04-26 19:46:49Z INFO HostContext] Well known config file 'MigratedCredentials': '/home/skyie/release-pilot/.credentials_migrated'
[2026-04-26 19:46:49Z INFO ConfigurationStore] MigratedCredFilePath: /home/skyie/release-pilot/.credentials_migrated
[2026-04-26 19:46:49Z INFO HostContext] Well known directory 'Bin': '/home/skyie/release-pilot/bin'
[2026-04-26 19:46:49Z INFO HostContext] Well known directory 'Root': '/home/skyie/release-pilot'
[2026-04-26 19:46:49Z INFO HostContext] Well known config file 'Service': '/home/skyie/release-pilot/.service'
[2026-04-26 19:46:49Z INFO ConfigurationStore] ServiceConfigFilePath: /home/skyie/release-pilot/.service
[2026-04-26 19:46:49Z INFO CommandSettings] Flag 'help': 'False'
[2026-04-26 19:46:49Z INFO CommandSettings] Flag 'version': 'False'
[2026-04-26 19:46:49Z INFO CommandSettings] Flag 'commit': 'False'
[2026-04-26 19:46:49Z INFO CommandSettings] Flag 'check': 'False'
[2026-04-26 19:46:49Z INFO CommandSettings] Command 'configure': 'True'
[2026-04-26 19:46:49Z INFO Terminal] WRITE LINE: 
[2026-04-26 19:46:49Z INFO Terminal] WRITE LINE: --------------------------------------------------------------------------------
[2026-04-26 19:46:49Z INFO Terminal] WRITE LINE: |        ____ _ _   _   _       _          _        _   _                      |
[2026-04-26 19:46:49Z INFO Terminal] WRITE LINE: |       / ___(_) |_| | | |_   _| |__      / \   ___| |_(_) ___  _ __  ___      |
[2026-04-26 19:46:49Z INFO Terminal] WRITE LINE: |      | |  _| | __| |_| | | | | '_ \    / _ \ / __| __| |/ _ \| '_ \/ __|     |
[2026-04-26 19:46:49Z INFO Terminal] WRITE LINE: |      | |_| | | |_|  _  | |_| | |_) |  / ___ \ (__| |_| | (_) | | | \__ \     |
[2026-04-26 19:46:49Z INFO Terminal] WRITE LINE: |       \____|_|\__|_| |_|\__,_|_.__/  /_/   \_\___|\__|_|\___/|_| |_|___/     |
[2026-04-26 19:46:49Z INFO Terminal] WRITE LINE: |                                                                              |
[2026-04-26 19:46:49Z INFO Terminal] WRITE: |                       
[2026-04-26 19:46:49Z INFO Terminal] WRITE: Self-hosted runner registration
[2026-04-26 19:46:49Z INFO Terminal] WRITE LINE:                         |
[2026-04-26 19:46:49Z INFO Terminal] WRITE LINE: |                                                                              |
[2026-04-26 19:46:49Z INFO Terminal] WRITE LINE: --------------------------------------------------------------------------------
[2026-04-26 19:46:49Z INFO ConfigurationManager] ConfigureAsync
[2026-04-26 19:46:49Z INFO CommandSettings] Flag 'generateServiceConfig': 'False'
[2026-04-26 19:46:49Z INFO ConfigurationStore] IsConfigured()
[2026-04-26 19:46:49Z INFO ConfigurationStore] IsConfigured: False
[2026-04-26 19:46:49Z INFO ConfigurationManager] Is configured: False
[2026-04-26 19:46:49Z INFO CommandSettings] Arg 'url': 'https://github.com/arittroc/release-pilot'
[2026-04-26 19:46:49Z INFO CommandSettings] Remove url from Arg dictionary.
[2026-04-26 19:46:49Z INFO CommandSettings] Arg 'token': '***'
[2026-04-26 19:46:49Z INFO CommandSettings] Remove token from Arg dictionary.
[2026-04-26 19:46:50Z INFO ConfigurationManager] Http response code: OK from 'POST https://api.github.com/actions/runner-registration' (A3BC:70F2:2D3188:35CF01:69EE6BA9)
[2026-04-26 19:46:50Z INFO ConfigurationManager] Using runner-admin flow: False
[2026-04-26 19:46:50Z INFO ConfigurationManager] cred retrieved via GitHub auth
[2026-04-26 19:46:50Z INFO RunnerServer] EstablishVssConnection
[2026-04-26 19:46:50Z INFO RunnerServer] Establish connection with 100 seconds timeout.
[2026-04-26 19:46:50Z INFO GitHubActionsService] Starting operation Location.GetConnectionData
[2026-04-26 19:46:50Z INFO RunnerServer] EstablishVssConnection
[2026-04-26 19:46:50Z INFO RunnerServer] Establish connection with 60 seconds timeout.
[2026-04-26 19:46:50Z INFO GitHubActionsService] Starting operation Location.GetConnectionData
[2026-04-26 19:46:50Z INFO RunnerServer] EstablishVssConnection
[2026-04-26 19:46:50Z INFO RunnerServer] Establish connection with 60 seconds timeout.
[2026-04-26 19:46:50Z INFO GitHubActionsService] Starting operation Location.GetConnectionData
[2026-04-26 19:46:51Z INFO GitHubActionsService] Finished operation Location.GetConnectionData
[2026-04-26 19:46:51Z INFO GitHubActionsService] Finished operation Location.GetConnectionData
[2026-04-26 19:46:51Z INFO GitHubActionsService] Finished operation Location.GetConnectionData
[2026-04-26 19:46:51Z INFO Terminal] WRITE LINE: 
[2026-04-26 19:46:51Z INFO ConfigurationManager] Test Connection complete.
[2026-04-26 19:46:51Z INFO HostContext] Well known directory 'Bin': '/home/skyie/release-pilot/bin'
[2026-04-26 19:46:51Z INFO HostContext] Well known directory 'Root': '/home/skyie/release-pilot'
[2026-04-26 19:46:51Z INFO HostContext] Well known config file 'RSACredentials': '/home/skyie/release-pilot/.credentials_rsaparams'
[2026-04-26 19:46:51Z INFO RSAFileKeyManager] Creating new RSA key using 2048-bit key length
[2026-04-26 19:46:52Z INFO RSAFileKeyManager] Successfully saved RSA key parameters to file /home/skyie/release-pilot/.credentials_rsaparams
[2026-04-26 19:46:52Z INFO RSAFileKeyManager] Which2: 'chmod'
[2026-04-26 19:46:52Z INFO RSAFileKeyManager] Location: '/usr/bin/chmod'
[2026-04-26 19:46:52Z INFO HostContext] Well known directory 'Bin': '/home/skyie/release-pilot/bin'
[2026-04-26 19:46:52Z INFO HostContext] Well known directory 'Root': '/home/skyie/release-pilot'
[2026-04-26 19:46:52Z INFO ProcessInvokerWrapper] Starting process:
[2026-04-26 19:46:52Z INFO ProcessInvokerWrapper]   File name: '/usr/bin/chmod'
[2026-04-26 19:46:52Z INFO ProcessInvokerWrapper]   Arguments: '600 /home/skyie/release-pilot/.credentials_rsaparams'
[2026-04-26 19:46:52Z INFO ProcessInvokerWrapper]   Working directory: '/home/skyie/release-pilot'
[2026-04-26 19:46:52Z INFO ProcessInvokerWrapper]   Require exit code zero: 'False'
[2026-04-26 19:46:52Z INFO ProcessInvokerWrapper]   Encoding web name:  ; code page: ''
[2026-04-26 19:46:52Z INFO ProcessInvokerWrapper]   Force kill process on cancellation: 'False'
[2026-04-26 19:46:52Z INFO ProcessInvokerWrapper]   Redirected STDIN: 'False'
[2026-04-26 19:46:52Z INFO ProcessInvokerWrapper]   Persist current code page: 'False'
[2026-04-26 19:46:52Z INFO ProcessInvokerWrapper]   Keep redirected STDIN open: 'False'
[2026-04-26 19:46:52Z INFO ProcessInvokerWrapper]   High priority process: 'False'
[2026-04-26 19:46:52Z INFO ProcessInvokerWrapper] Process started with process id 56354, waiting for process exit.
[2026-04-26 19:46:52Z INFO ProcessInvokerWrapper] STDOUT/STDERR stream read finished.
[2026-04-26 19:46:52Z INFO ProcessInvokerWrapper] STDOUT/STDERR stream read finished.
[2026-04-26 19:46:52Z INFO ProcessInvokerWrapper] Finished process 56354 with exit code 0, and elapsed time 00:00:00.0064866.
[2026-04-26 19:46:52Z INFO RSAFileKeyManager] Successfully set permissions for RSA key parameters file /home/skyie/release-pilot/.credentials_rsaparams
[2026-04-26 19:46:52Z INFO CommandSettings] Arg 'runnergroup': ''
[2026-04-26 19:46:52Z INFO CommandSettings] Flag 'unattended': 'False'
[2026-04-26 19:46:52Z INFO PromptManager] ReadValue
[2026-04-26 19:46:52Z INFO Terminal] WRITE: Enter the name of the runner group to add this runner to: 
[2026-04-26 19:46:52Z INFO Terminal] WRITE: [press Enter for Default] 
[2026-04-26 19:46:52Z INFO Terminal] READ LINE
[2026-04-26 19:47:19Z INFO Terminal] Read value: ''
[2026-04-26 19:47:19Z INFO PromptManager] Falling back to the default: 'Default'
[2026-04-26 19:47:19Z INFO Terminal] WRITE LINE: 
[2026-04-26 19:47:19Z INFO ConfigurationManager] Found a self-hosted runner group with id 1 and name Default
[2026-04-26 19:47:19Z INFO CommandSettings] Flag 'disableupdate': 'False'
[2026-04-26 19:47:19Z INFO CommandSettings] Flag 'ephemeral': 'False'
[2026-04-26 19:47:19Z INFO CommandSettings] Arg 'name': ''
[2026-04-26 19:47:19Z INFO CommandSettings] Flag 'unattended': 'False'
[2026-04-26 19:47:19Z INFO PromptManager] ReadValue
[2026-04-26 19:47:19Z INFO Terminal] WRITE: Enter the name of runner: 
[2026-04-26 19:47:19Z INFO Terminal] WRITE: [press Enter for skyieserver] 
[2026-04-26 19:47:19Z INFO Terminal] READ LINE
[2026-04-26 19:47:19Z INFO Terminal] Read value: ''
[2026-04-26 19:47:19Z INFO PromptManager] Falling back to the default: 'skyieserver'
[2026-04-26 19:47:19Z INFO Terminal] WRITE LINE: 
[2026-04-26 19:47:19Z INFO CommandSettings] Arg 'labels': ''
[2026-04-26 19:47:19Z INFO CommandSettings] Flag 'unattended': 'False'
[2026-04-26 19:47:19Z INFO PromptManager] ReadValue
[2026-04-26 19:47:19Z INFO Terminal] WRITE: This runner will have the following labels: 'self-hosted', 'Linux', 'X64' 
Enter any additional labels (ex. label-1,label-2): 
[2026-04-26 19:47:19Z INFO Terminal] WRITE: [press Enter to skip] 
[2026-04-26 19:47:19Z INFO Terminal] READ LINE
[2026-04-26 19:47:20Z INFO Terminal] Read value: ''
[2026-04-26 19:47:20Z INFO Terminal] WRITE LINE: 
[2026-04-26 19:47:20Z INFO CommandSettings] Flag 'disableupdate': 'False'
[2026-04-26 19:47:20Z INFO CommandSettings] Flag 'no-default-labels': 'False'
[2026-04-26 19:47:20Z INFO CommandSettings] Flag 'disableupdate': 'False'
[2026-04-26 19:47:20Z INFO CommandSettings] Flag 'ephemeral': 'False'
[2026-04-26 19:47:20Z INFO ConfigurationStore] Saving OAuth credential @ /home/skyie/release-pilot/.credentials
[2026-04-26 19:47:20Z INFO ConfigurationStore] Credentials Saved.
[2026-04-26 19:47:20Z INFO ConfigurationManager] Service enforced serverUrlV2: https://broker.actions.githubusercontent.com/
[2026-04-26 19:47:20Z INFO ConfigurationManager] Service enforced useV2Flow: True
[2026-04-26 19:47:20Z INFO CommandSettings] Arg 'work': ''
[2026-04-26 19:47:20Z INFO CommandSettings] Flag 'unattended': 'False'
[2026-04-26 19:47:20Z INFO PromptManager] ReadValue
[2026-04-26 19:47:20Z INFO Terminal] WRITE: Enter name of work folder: 
[2026-04-26 19:47:20Z INFO Terminal] WRITE: [press Enter for _work] 
[2026-04-26 19:47:20Z INFO Terminal] READ LINE
[2026-04-26 19:47:21Z INFO Terminal] Read value: ''
[2026-04-26 19:47:21Z INFO PromptManager] Falling back to the default: '_work'
[2026-04-26 19:47:21Z INFO ConfigurationStore] Saving runner settings.
[2026-04-26 19:47:21Z INFO ConfigurationStore] Settings Saved.
[2026-04-26 19:47:21Z INFO Terminal] WRITE LINE: 
[2026-04-26 19:47:21Z INFO Terminal] WRITE LINE: 
[2026-04-26 19:47:21Z INFO SystemDControlManager] Service name 'actions.runner.arittroc-release-pilot.skyieserver.service' display name 'GitHub Actions Runner (arittroc-release-pilot.skyieserver)' will be used for service configuration.
[2026-04-26 19:47:21Z INFO HostContext] Well known directory 'Bin': '/home/skyie/release-pilot/bin'
[2026-04-26 19:47:21Z INFO HostContext] Well known directory 'Root': '/home/skyie/release-pilot'
[2026-04-26 19:47:21Z INFO HostContext] Well known directory 'Bin': '/home/skyie/release-pilot/bin'
[2026-04-26 19:47:21Z INFO HostContext] Well known directory 'Bin': '/home/skyie/release-pilot/bin'
[2026-04-26 19:47:21Z INFO HostContext] Well known directory 'Root': '/home/skyie/release-pilot'
[2026-04-26 19:47:21Z INFO UnixUtil] Which2: 'chmod'
[2026-04-26 19:47:21Z INFO UnixUtil] Location: '/usr/bin/chmod'
[2026-04-26 19:47:21Z INFO UnixUtil] Running /usr/bin/chmod 755 "/home/skyie/release-pilot/svc.sh"
[2026-04-26 19:47:21Z INFO ProcessInvokerWrapper] Starting process:
[2026-04-26 19:47:21Z INFO ProcessInvokerWrapper]   File name: '/usr/bin/chmod'
[2026-04-26 19:47:21Z INFO ProcessInvokerWrapper]   Arguments: '755 "/home/skyie/release-pilot/svc.sh"'
[2026-04-26 19:47:21Z INFO ProcessInvokerWrapper]   Working directory: '/home/skyie/release-pilot'
[2026-04-26 19:47:21Z INFO ProcessInvokerWrapper]   Require exit code zero: 'True'
[2026-04-26 19:47:21Z INFO ProcessInvokerWrapper]   Encoding web name:  ; code page: ''
[2026-04-26 19:47:21Z INFO ProcessInvokerWrapper]   Force kill process on cancellation: 'False'
[2026-04-26 19:47:21Z INFO ProcessInvokerWrapper]   Redirected STDIN: 'False'
[2026-04-26 19:47:21Z INFO ProcessInvokerWrapper]   Persist current code page: 'False'
[2026-04-26 19:47:21Z INFO ProcessInvokerWrapper]   Keep redirected STDIN open: 'False'
[2026-04-26 19:47:21Z INFO ProcessInvokerWrapper]   High priority process: 'False'
[2026-04-26 19:47:21Z INFO ProcessInvokerWrapper] Updated oom_score_adj to 500 for PID: 56472.
[2026-04-26 19:47:21Z INFO ProcessInvokerWrapper] Process started with process id 56472, waiting for process exit.
[2026-04-26 19:47:21Z INFO ProcessInvokerWrapper] STDOUT/STDERR stream read finished.
[2026-04-26 19:47:21Z INFO ProcessInvokerWrapper] STDOUT/STDERR stream read finished.
[2026-04-26 19:47:21Z INFO ProcessInvokerWrapper] Finished process 56472 with exit code 0, and elapsed time 00:00:00.0034119.
[2026-04-26 19:47:21Z INFO Listener] Runner execution has finished with return code 0
